<?xml version="1.0" encoding="UTF-8"?>
<testsuite name="com.heipl.schedulingtask.ScheduledTasksTest" tests="1" skipped="0" failures="0" errors="0" timestamp="2021-03-30T11:49:20" hostname="NB-CJ-U3-4711" time="5.109">
  <properties/>
  <testcase name="reportCurrentTime()" classname="com.heipl.schedulingtask.ScheduledTasksTest" time="5.109"/>
  <system-out><![CDATA[14:49:18.946 [Test worker] DEBUG org.springframework.test.context.BootstrapUtils - Instantiating CacheAwareContextLoaderDelegate from class [org.springframework.test.context.cache.DefaultCacheAwareContextLoaderDelegate]
14:49:18.958 [Test worker] DEBUG org.springframework.test.context.BootstrapUtils - Instantiating BootstrapContext using constructor [public org.springframework.test.context.support.DefaultBootstrapContext(java.lang.Class,org.springframework.test.context.CacheAwareContextLoaderDelegate)]
14:49:18.987 [Test worker] DEBUG org.springframework.test.context.BootstrapUtils - Instantiating TestContextBootstrapper for test class [com.heipl.schedulingtask.ScheduledTasksTest] from class [org.springframework.boot.test.context.SpringBootTestContextBootstrapper]
14:49:18.997 [Test worker] INFO org.springframework.boot.test.context.SpringBootTestContextBootstrapper - Neither @ContextConfiguration nor @ContextHierarchy found for test class [com.heipl.schedulingtask.ScheduledTasksTest], using SpringBootContextLoader
14:49:19.001 [Test worker] DEBUG org.springframework.test.context.support.AbstractContextLoader - Did not detect default resource location for test class [com.heipl.schedulingtask.ScheduledTasksTest]: class path resource [com/heipl/schedulingtask/ScheduledTasksTest-context.xml] does not exist
14:49:19.002 [Test worker] DEBUG org.springframework.test.context.support.AbstractContextLoader - Did not detect default resource location for test class [com.heipl.schedulingtask.ScheduledTasksTest]: class path resource [com/heipl/schedulingtask/ScheduledTasksTestContext.groovy] does not exist
14:49:19.002 [Test worker] INFO org.springframework.test.context.support.AbstractContextLoader - Could not detect default resource locations for test class [com.heipl.schedulingtask.ScheduledTasksTest]: no resource found for suffixes {-context.xml, Context.groovy}.
14:49:19.002 [Test worker] INFO org.springframework.test.context.support.AnnotationConfigContextLoaderUtils - Could not detect default configuration classes for test class [com.heipl.schedulingtask.ScheduledTasksTest]: ScheduledTasksTest does not declare any static, non-private, non-final, nested classes annotated with @Configuration.
14:49:19.047 [Test worker] DEBUG org.springframework.test.context.support.ActiveProfilesUtils - Could not find an 'annotation declaring class' for annotation type [org.springframework.test.context.ActiveProfiles] and class [com.heipl.schedulingtask.ScheduledTasksTest]
14:49:19.102 [Test worker] DEBUG org.springframework.context.annotation.ClassPathScanningCandidateComponentProvider - Identified candidate component class: file [C:\Work\Spring 101\my-scheduling-tasks\build\classes\java\main\com\heipl\schedulingtask\SchedulingTasksApplication.class]
14:49:19.103 [Test worker] INFO org.springframework.boot.test.context.SpringBootTestContextBootstrapper - Found @SpringBootConfiguration com.heipl.schedulingtask.SchedulingTasksApplication for test class com.heipl.schedulingtask.ScheduledTasksTest
14:49:19.192 [Test worker] DEBUG org.springframework.boot.test.context.SpringBootTestContextBootstrapper - @TestExecutionListeners is not present for class [com.heipl.schedulingtask.ScheduledTasksTest]: using defaults.
14:49:19.192 [Test worker] INFO org.springframework.boot.test.context.SpringBootTestContextBootstrapper - Loaded default TestExecutionListener class names from location [META-INF/spring.factories]: [org.springframework.boot.test.autoconfigure.restdocs.RestDocsTestExecutionListener, org.springframework.boot.test.autoconfigure.web.client.MockRestServiceServerResetTestExecutionListener, org.springframework.boot.test.autoconfigure.web.servlet.MockMvcPrintOnlyOnFailureTestExecutionListener, org.springframework.boot.test.autoconfigure.web.servlet.WebDriverTestExecutionListener, org.springframework.boot.test.autoconfigure.webservices.client.MockWebServiceServerTestExecutionListener, org.springframework.boot.test.mock.mockito.MockitoTestExecutionListener, org.springframework.boot.test.mock.mockito.ResetMocksTestExecutionListener, org.springframework.test.context.web.ServletTestExecutionListener, org.springframework.test.context.support.DirtiesContextBeforeModesTestExecutionListener, org.springframework.test.context.event.ApplicationEventsTestExecutionListener, org.springframework.test.context.support.DependencyInjectionTestExecutionListener, org.springframework.test.context.support.DirtiesContextTestExecutionListener, org.springframework.test.context.transaction.TransactionalTestExecutionListener, org.springframework.test.context.jdbc.SqlScriptsTestExecutionListener, org.springframework.test.context.event.EventPublishingTestExecutionListener]
14:49:19.201 [Test worker] DEBUG org.springframework.boot.test.context.SpringBootTestContextBootstrapper - Skipping candidate TestExecutionListener [org.springframework.test.context.web.ServletTestExecutionListener] due to a missing dependency. Specify custom listener classes or make the default listener classes and their required dependencies available. Offending class: [javax/servlet/ServletContext]
14:49:19.203 [Test worker] DEBUG org.springframework.boot.test.context.SpringBootTestContextBootstrapper - Skipping candidate TestExecutionListener [org.springframework.test.context.transaction.TransactionalTestExecutionListener] due to a missing dependency. Specify custom listener classes or make the default listener classes and their required dependencies available. Offending class: [org/springframework/transaction/interceptor/TransactionAttributeSource]
14:49:19.204 [Test worker] DEBUG org.springframework.boot.test.context.SpringBootTestContextBootstrapper - Skipping candidate TestExecutionListener [org.springframework.test.context.jdbc.SqlScriptsTestExecutionListener] due to a missing dependency. Specify custom listener classes or make the default listener classes and their required dependencies available. Offending class: [org/springframework/transaction/interceptor/TransactionAttribute]
14:49:19.204 [Test worker] INFO org.springframework.boot.test.context.SpringBootTestContextBootstrapper - Using TestExecutionListeners: [org.springframework.test.context.support.DirtiesContextBeforeModesTestExecutionListener@4ce964c3, org.springframework.test.context.event.ApplicationEventsTestExecutionListener@1c4c78df, org.springframework.boot.test.mock.mockito.MockitoTestExecutionListener@50f54031, org.springframework.boot.test.autoconfigure.SpringBootDependencyInjectionTestExecutionListener@6dea28b8, org.springframework.test.context.support.DirtiesContextTestExecutionListener@6aa296ba, org.springframework.test.context.event.EventPublishingTestExecutionListener@155781b1, org.springframework.boot.test.autoconfigure.restdocs.RestDocsTestExecutionListener@6fd9afe2, org.springframework.boot.test.autoconfigure.web.client.MockRestServiceServerResetTestExecutionListener@534af549, org.springframework.boot.test.autoconfigure.web.servlet.MockMvcPrintOnlyOnFailureTestExecutionListener@2da3bedc, org.springframework.boot.test.autoconfigure.web.servlet.WebDriverTestExecutionListener@4d0e8d0, org.springframework.boot.test.autoconfigure.webservices.client.MockWebServiceServerTestExecutionListener@2654f117, org.springframework.boot.test.mock.mockito.ResetMocksTestExecutionListener@2230a829]
14:49:19.208 [Test worker] DEBUG org.springframework.test.context.support.AbstractDirtiesContextTestExecutionListener - Before test class: context [DefaultTestContext@4928156b testClass = ScheduledTasksTest, testInstance = [null], testMethod = [null], testException = [null], mergedContextConfiguration = [MergedContextConfiguration@563afbdf testClass = ScheduledTasksTest, locations = '{}', classes = '{class com.heipl.schedulingtask.SchedulingTasksApplication}', contextInitializerClasses = '[]', activeProfiles = '{}', propertySourceLocations = '{}', propertySourceProperties = '{org.springframework.boot.test.context.SpringBootTestContextBootstrapper=true}', contextCustomizers = set[org.springframework.boot.test.autoconfigure.actuate.metrics.MetricsExportContextCustomizerFactory$DisableMetricExportContextCustomizer@1e608cc5, org.springframework.boot.test.autoconfigure.properties.PropertyMappingContextCustomizer@0, org.springframework.boot.test.autoconfigure.web.servlet.WebDriverContextCustomizerFactory$Customizer@7d7025b4, org.springframework.boot.test.context.filter.ExcludeFilterContextCustomizer@639a154e, org.springframework.boot.test.json.DuplicateJsonObjectContextCustomizerFactory$DuplicateJsonObjectContextCustomizer@13f8f523, org.springframework.boot.test.mock.mockito.MockitoContextCustomizer@3badd525, org.springframework.boot.test.web.client.TestRestTemplateContextCustomizer@527368b4, org.springframework.boot.test.context.SpringBootTestArgs@1, org.springframework.boot.test.context.SpringBootTestWebEnvironment@15b17db3], contextLoader = 'org.springframework.boot.test.context.SpringBootContextLoader', parent = [null]], attributes = map[[empty]]], class annotated with @DirtiesContext [false] with mode [null].
14:49:19.239 [Test worker] DEBUG org.springframework.test.context.support.TestPropertySourceUtils - Adding inlined properties to environment: {spring.jmx.enabled=false, org.springframework.boot.test.context.SpringBootTestContextBootstrapper=true}

  .   ____          _            __ _ _
 /\\ / ___'_ __ _ _(_)_ __  __ _ \ \ \ \
( ( )\___ | '_ | '_| | '_ \/ _` | \ \ \ \
 \\/  ___)| |_)| | | | | || (_| |  ) ) ) )
  '  |____| .__|_| |_|_| |_\__, | / / / /
 =========|_|==============|___/=/_/_/_/
 :: Spring Boot ::                (v2.4.3)

2021-03-30 14:49:19.477  INFO 31120 --- [    Test worker] c.h.schedulingtask.ScheduledTasksTest    : Starting ScheduledTasksTest using Java 11 on NB-CJ-U3-4711 with PID 31120 (started by paul.heipl in C:\Work\Spring 101\my-scheduling-tasks)
2021-03-30 14:49:19.479  INFO 31120 --- [    Test worker] c.h.schedulingtask.ScheduledTasksTest    : No active profile set, falling back to default profiles: default
2021-03-30 14:49:20.335  INFO 31120 --- [    Test worker] o.s.s.c.ThreadPoolTaskScheduler          : Initializing ExecutorService 'taskScheduler'
2021-03-30 14:49:20.347  INFO 31120 --- [    Test worker] c.h.schedulingtask.ScheduledTasksTest    : Started ScheduledTasksTest in 1.105 seconds (JVM running for 2.657)
2021-03-30 14:49:20.354  INFO 31120 --- [   scheduling-1] com.heipl.schedulingtask.ScheduledTasks  : The time is now 14:49:20
2021-03-30 14:49:25.347  INFO 31120 --- [   scheduling-1] com.heipl.schedulingtask.ScheduledTasks  : The time is now 14:49:25
]]></system-out>
  <system-err><![CDATA[]]></system-err>
</testsuite>
