<?xml version="1.0" encoding="UTF-8"?>
<testsuite name="com.heipl.schedulingtask.SchedulingTasksApplicationTest" tests="1" skipped="0" failures="0" errors="0" timestamp="2021-03-30T12:01:02" hostname="NB-CJ-U3-4711" time="0.058">
  <properties/>
  <testcase name="contextLoads()" classname="com.heipl.schedulingtask.SchedulingTasksApplicationTest" time="0.058"/>
  <system-out><![CDATA[2021-03-30 15:01:02.536  INFO 25260 --- [    Test worker] .b.t.c.SpringBootTestContextBootstrapper : Neither @ContextConfiguration nor @ContextHierarchy found for test class [com.heipl.schedulingtask.SchedulingTasksApplicationTest], using SpringBootContextLoader
2021-03-30 15:01:02.537  INFO 25260 --- [    Test worker] o.s.t.c.support.AbstractContextLoader    : Could not detect default resource locations for test class [com.heipl.schedulingtask.SchedulingTasksApplicationTest]: no resource found for suffixes {-context.xml, Context.groovy}.
2021-03-30 15:01:02.537  INFO 25260 --- [    Test worker] t.c.s.AnnotationConfigContextLoaderUtils : Could not detect default configuration classes for test class [com.heipl.schedulingtask.SchedulingTasksApplicationTest]: SchedulingTasksApplicationTest does not declare any static, non-private, non-final, nested classes annotated with @Configuration.
2021-03-30 15:01:02.540  INFO 25260 --- [    Test worker] .b.t.c.SpringBootTestContextBootstrapper : Found @SpringBootConfiguration com.heipl.schedulingtask.SchedulingTasksApplication for test class com.heipl.schedulingtask.SchedulingTasksApplicationTest
2021-03-30 15:01:02.543  INFO 25260 --- [    Test worker] .b.t.c.SpringBootTestContextBootstrapper : Loaded default TestExecutionListener class names from location [META-INF/spring.factories]: [org.springframework.boot.test.autoconfigure.restdocs.RestDocsTestExecutionListener, org.springframework.boot.test.autoconfigure.web.client.MockRestServiceServerResetTestExecutionListener, org.springframework.boot.test.autoconfigure.web.servlet.MockMvcPrintOnlyOnFailureTestExecutionListener, org.springframework.boot.test.autoconfigure.web.servlet.WebDriverTestExecutionListener, org.springframework.boot.test.autoconfigure.webservices.client.MockWebServiceServerTestExecutionListener, org.springframework.boot.test.mock.mockito.MockitoTestExecutionListener, org.springframework.boot.test.mock.mockito.ResetMocksTestExecutionListener, org.springframework.test.context.web.ServletTestExecutionListener, org.springframework.test.context.support.DirtiesContextBeforeModesTestExecutionListener, org.springframework.test.context.event.ApplicationEventsTestExecutionListener, org.springframework.test.context.support.DependencyInjectionTestExecutionListener, org.springframework.test.context.support.DirtiesContextTestExecutionListener, org.springframework.test.context.transaction.TransactionalTestExecutionListener, org.springframework.test.context.jdbc.SqlScriptsTestExecutionListener, org.springframework.test.context.event.EventPublishingTestExecutionListener]
2021-03-30 15:01:02.545  INFO 25260 --- [    Test worker] .b.t.c.SpringBootTestContextBootstrapper : Using TestExecutionListeners: [org.springframework.test.context.support.DirtiesContextBeforeModesTestExecutionListener@742bed1, org.springframework.test.context.event.ApplicationEventsTestExecutionListener@298c26c8, org.springframework.boot.test.mock.mockito.MockitoTestExecutionListener@768be786, org.springframework.boot.test.autoconfigure.SpringBootDependencyInjectionTestExecutionListener@1ebdc8d8, org.springframework.test.context.support.DirtiesContextTestExecutionListener@c1b59e8, org.springframework.test.context.event.EventPublishingTestExecutionListener@44e994c5, org.springframework.boot.test.autoconfigure.restdocs.RestDocsTestExecutionListener@6d77ec09, org.springframework.boot.test.autoconfigure.web.client.MockRestServiceServerResetTestExecutionListener@1dfc0277, org.springframework.boot.test.autoconfigure.web.servlet.MockMvcPrintOnlyOnFailureTestExecutionListener@4b7edc39, org.springframework.boot.test.autoconfigure.web.servlet.WebDriverTestExecutionListener@43b9362f, org.springframework.boot.test.autoconfigure.webservices.client.MockWebServiceServerTestExecutionListener@11fc8df5, org.springframework.boot.test.mock.mockito.ResetMocksTestExecutionListener@6c6eda07]

  .   ____          _            __ _ _
 /\\ / ___'_ __ _ _(_)_ __  __ _ \ \ \ \
( ( )\___ | '_ | '_| | '_ \/ _` | \ \ \ \
 \\/  ___)| |_)| | | | | || (_| |  ) ) ) )
  '  |____| .__|_| |_|_| |_\__, | / / / /
 =========|_|==============|___/=/_/_/_/
 :: Spring Boot ::                (v2.4.3)

2021-03-30 15:01:02.569  INFO 25260 --- [    Test worker] c.h.s.SchedulingTasksApplicationTest     : Starting SchedulingTasksApplicationTest using Java 11 on NB-CJ-U3-4711 with PID 25260 (started by paul.heipl in C:\Work\Spring 101\my-scheduling-tasks)
2021-03-30 15:01:02.570  INFO 25260 --- [    Test worker] c.h.s.SchedulingTasksApplicationTest     : No active profile set, falling back to default profiles: default
2021-03-30 15:01:02.692  INFO 25260 --- [    Test worker] o.s.s.c.ThreadPoolTaskScheduler          : Initializing ExecutorService 'taskScheduler'
2021-03-30 15:01:02.695  INFO 25260 --- [    Test worker] c.h.s.SchedulingTasksApplicationTest     : Started SchedulingTasksApplicationTest in 0.147 seconds (JVM running for 7.942)
2021-03-30 15:01:02.695  INFO 25260 --- [   scheduling-1] com.heipl.schedulingtask.ScheduledTasks  : The time is now 15:01:02
]]></system-out>
  <system-err><![CDATA[]]></system-err>
</testsuite>
