<?xml version="1.0" encoding="UTF-8"?>
<testsuite name="com.heipl.schedulingtask.ScheduledTasksTest" tests="1" skipped="0" failures="0" errors="0" timestamp="2021-03-30T12:00:57" hostname="NB-CJ-U3-4711" time="5.058">
  <properties/>
  <testcase name="reportCurrentTime()" classname="com.heipl.schedulingtask.ScheduledTasksTest" time="5.058"/>
  <system-out><![CDATA[15:00:56.042 [Test worker] DEBUG org.springframework.test.context.BootstrapUtils - Instantiating CacheAwareContextLoaderDelegate from class [org.springframework.test.context.cache.DefaultCacheAwareContextLoaderDelegate]
15:00:56.056 [Test worker] DEBUG org.springframework.test.context.BootstrapUtils - Instantiating BootstrapContext using constructor [public org.springframework.test.context.support.DefaultBootstrapContext(java.lang.Class,org.springframework.test.context.CacheAwareContextLoaderDelegate)]
15:00:56.086 [Test worker] DEBUG org.springframework.test.context.BootstrapUtils - Instantiating TestContextBootstrapper for test class [com.heipl.schedulingtask.ScheduledTasksTest] from class [org.springframework.boot.test.context.SpringBootTestContextBootstrapper]
15:00:56.097 [Test worker] INFO org.springframework.boot.test.context.SpringBootTestContextBootstrapper - Neither @ContextConfiguration nor @ContextHierarchy found for test class [com.heipl.schedulingtask.ScheduledTasksTest], using SpringBootContextLoader
15:00:56.101 [Test worker] DEBUG org.springframework.test.context.support.AbstractContextLoader - Did not detect default resource location for test class [com.heipl.schedulingtask.ScheduledTasksTest]: class path resource [com/heipl/schedulingtask/ScheduledTasksTest-context.xml] does not exist
15:00:56.101 [Test worker] DEBUG org.springframework.test.context.support.AbstractContextLoader - Did not detect default resource location for test class [com.heipl.schedulingtask.ScheduledTasksTest]: class path resource [com/heipl/schedulingtask/ScheduledTasksTestContext.groovy] does not exist
15:00:56.102 [Test worker] INFO org.springframework.test.context.support.AbstractContextLoader - Could not detect default resource locations for test class [com.heipl.schedulingtask.ScheduledTasksTest]: no resource found for suffixes {-context.xml, Context.groovy}.
15:00:56.102 [Test worker] INFO org.springframework.test.context.support.AnnotationConfigContextLoaderUtils - Could not detect default configuration classes for test class [com.heipl.schedulingtask.ScheduledTasksTest]: ScheduledTasksTest does not declare any static, non-private, non-final, nested classes annotated with @Configuration.
15:00:56.147 [Test worker] DEBUG org.springframework.test.context.support.ActiveProfilesUtils - Could not find an 'annotation declaring class' for annotation type [org.springframework.test.context.ActiveProfiles] and class [com.heipl.schedulingtask.ScheduledTasksTest]
15:00:56.201 [Test worker] DEBUG org.springframework.context.annotation.ClassPathScanningCandidateComponentProvider - Identified candidate component class: file [C:\Work\Spring 101\my-scheduling-tasks\build\classes\java\main\com\heipl\schedulingtask\SchedulingTasksApplication.class]
15:00:56.202 [Test worker] INFO org.springframework.boot.test.context.SpringBootTestContextBootstrapper - Found @SpringBootConfiguration com.heipl.schedulingtask.SchedulingTasksApplication for test class com.heipl.schedulingtask.ScheduledTasksTest
15:00:56.294 [Test worker] DEBUG org.springframework.boot.test.context.SpringBootTestContextBootstrapper - @TestExecutionListeners is not present for class [com.heipl.schedulingtask.ScheduledTasksTest]: using defaults.
15:00:56.295 [Test worker] INFO org.springframework.boot.test.context.SpringBootTestContextBootstrapper - Loaded default TestExecutionListener class names from location [META-INF/spring.factories]: [org.springframework.boot.test.autoconfigure.restdocs.RestDocsTestExecutionListener, org.springframework.boot.test.autoconfigure.web.client.MockRestServiceServerResetTestExecutionListener, org.springframework.boot.test.autoconfigure.web.servlet.MockMvcPrintOnlyOnFailureTestExecutionListener, org.springframework.boot.test.autoconfigure.web.servlet.WebDriverTestExecutionListener, org.springframework.boot.test.autoconfigure.webservices.client.MockWebServiceServerTestExecutionListener, org.springframework.boot.test.mock.mockito.MockitoTestExecutionListener, org.springframework.boot.test.mock.mockito.ResetMocksTestExecutionListener, org.springframework.test.context.web.ServletTestExecutionListener, org.springframework.test.context.support.DirtiesContextBeforeModesTestExecutionListener, org.springframework.test.context.event.ApplicationEventsTestExecutionListener, org.springframework.test.context.support.DependencyInjectionTestExecutionListener, org.springframework.test.context.support.DirtiesContextTestExecutionListener, org.springframework.test.context.transaction.TransactionalTestExecutionListener, org.springframework.test.context.jdbc.SqlScriptsTestExecutionListener, org.springframework.test.context.event.EventPublishingTestExecutionListener]
15:00:56.304 [Test worker] DEBUG org.springframework.boot.test.context.SpringBootTestContextBootstrapper - Skipping candidate TestExecutionListener [org.springframework.test.context.web.ServletTestExecutionListener] due to a missing dependency. Specify custom listener classes or make the default listener classes and their required dependencies available. Offending class: [javax/servlet/ServletContext]
15:00:56.305 [Test worker] DEBUG org.springframework.boot.test.context.SpringBootTestContextBootstrapper - Skipping candidate TestExecutionListener [org.springframework.test.context.transaction.TransactionalTestExecutionListener] due to a missing dependency. Specify custom listener classes or make the default listener classes and their required dependencies available. Offending class: [org/springframework/transaction/interceptor/TransactionAttributeSource]
15:00:56.306 [Test worker] DEBUG org.springframework.boot.test.context.SpringBootTestContextBootstrapper - Skipping candidate TestExecutionListener [org.springframework.test.context.jdbc.SqlScriptsTestExecutionListener] due to a missing dependency. Specify custom listener classes or make the default listener classes and their required dependencies available. Offending class: [org/springframework/transaction/interceptor/TransactionAttribute]
15:00:56.306 [Test worker] INFO org.springframework.boot.test.context.SpringBootTestContextBootstrapper - Using TestExecutionListeners: [org.springframework.test.context.support.DirtiesContextBeforeModesTestExecutionListener@3daa15b7, org.springframework.test.context.event.ApplicationEventsTestExecutionListener@515f9b59, org.springframework.boot.test.mock.mockito.MockitoTestExecutionListener@8a6967b, org.springframework.boot.test.autoconfigure.SpringBootDependencyInjectionTestExecutionListener@5af5db27, org.springframework.test.context.support.DirtiesContextTestExecutionListener@379f7a63, org.springframework.test.context.event.EventPublishingTestExecutionListener@1a37aa9a, org.springframework.boot.test.autoconfigure.restdocs.RestDocsTestExecutionListener@269ef2e9, org.springframework.boot.test.autoconfigure.web.client.MockRestServiceServerResetTestExecutionListener@524629fe, org.springframework.boot.test.autoconfigure.web.servlet.MockMvcPrintOnlyOnFailureTestExecutionListener@1ec60db7, org.springframework.boot.test.autoconfigure.web.servlet.WebDriverTestExecutionListener@3902078f, org.springframework.boot.test.autoconfigure.webservices.client.MockWebServiceServerTestExecutionListener@685ab3fc, org.springframework.boot.test.mock.mockito.ResetMocksTestExecutionListener@b306ed0]
15:00:56.309 [Test worker] DEBUG org.springframework.test.context.support.AbstractDirtiesContextTestExecutionListener - Before test class: context [DefaultTestContext@51af359c testClass = ScheduledTasksTest, testInstance = [null], testMethod = [null], testException = [null], mergedContextConfiguration = [MergedContextConfiguration@50bde0b6 testClass = ScheduledTasksTest, locations = '{}', classes = '{class com.heipl.schedulingtask.SchedulingTasksApplication}', contextInitializerClasses = '[]', activeProfiles = '{}', propertySourceLocations = '{}', propertySourceProperties = '{org.springframework.boot.test.context.SpringBootTestContextBootstrapper=true}', contextCustomizers = set[org.springframework.boot.test.autoconfigure.actuate.metrics.MetricsExportContextCustomizerFactory$DisableMetricExportContextCustomizer@2a447f87, org.springframework.boot.test.autoconfigure.properties.PropertyMappingContextCustomizer@0, org.springframework.boot.test.autoconfigure.web.servlet.WebDriverContextCustomizerFactory$Customizer@770aebc7, org.springframework.boot.test.context.filter.ExcludeFilterContextCustomizer@51fb56fb, org.springframework.boot.test.json.DuplicateJsonObjectContextCustomizerFactory$DuplicateJsonObjectContextCustomizer@3edaef15, org.springframework.boot.test.mock.mockito.MockitoContextCustomizer@d5d2b497, org.springframework.boot.test.web.client.TestRestTemplateContextCustomizer@73c62825, org.springframework.boot.test.context.SpringBootTestArgs@1, org.springframework.boot.test.context.SpringBootTestWebEnvironment@27ae9ad9], contextLoader = 'org.springframework.boot.test.context.SpringBootContextLoader', parent = [null]], attributes = map[[empty]]], class annotated with @DirtiesContext [false] with mode [null].
15:00:56.348 [Test worker] DEBUG org.springframework.test.context.support.TestPropertySourceUtils - Adding inlined properties to environment: {spring.jmx.enabled=false, org.springframework.boot.test.context.SpringBootTestContextBootstrapper=true}

  .   ____          _            __ _ _
 /\\ / ___'_ __ _ _(_)_ __  __ _ \ \ \ \
( ( )\___ | '_ | '_| | '_ \/ _` | \ \ \ \
 \\/  ___)| |_)| | | | | || (_| |  ) ) ) )
  '  |____| .__|_| |_|_| |_\__, | / / / /
 =========|_|==============|___/=/_/_/_/
 :: Spring Boot ::                (v2.4.3)

2021-03-30 15:00:56.587  INFO 25260 --- [    Test worker] c.h.schedulingtask.ScheduledTasksTest    : Starting ScheduledTasksTest using Java 11 on NB-CJ-U3-4711 with PID 25260 (started by paul.heipl in C:\Work\Spring 101\my-scheduling-tasks)
2021-03-30 15:00:56.590  INFO 25260 --- [    Test worker] c.h.schedulingtask.ScheduledTasksTest    : No active profile set, falling back to default profiles: default
2021-03-30 15:00:57.452  INFO 25260 --- [    Test worker] o.s.s.c.ThreadPoolTaskScheduler          : Initializing ExecutorService 'taskScheduler'
2021-03-30 15:00:57.464  INFO 25260 --- [    Test worker] c.h.schedulingtask.ScheduledTasksTest    : Started ScheduledTasksTest in 1.113 seconds (JVM running for 2.712)
2021-03-30 15:00:57.471  INFO 25260 --- [   scheduling-1] com.heipl.schedulingtask.ScheduledTasks  : The time is now 15:00:57
2021-03-30 15:01:02.466  INFO 25260 --- [   scheduling-1] com.heipl.schedulingtask.ScheduledTasks  : The time is now 15:01:02
]]></system-out>
  <system-err><![CDATA[]]></system-err>
</testsuite>
