<?xml version="1.0" encoding="UTF-8"?>
<testsuite name="com.heipl.schedulingtask.SchedulingTasksApplicationTest" tests="1" skipped="0" failures="0" errors="0" timestamp="2021-03-30T11:43:03" hostname="NB-CJ-U3-4711" time="0.35">
  <properties/>
  <testcase name="contextLoads()" classname="com.heipl.schedulingtask.SchedulingTasksApplicationTest" time="0.35"/>
  <system-out><![CDATA[14:43:02.291 [Test worker] DEBUG org.springframework.test.context.BootstrapUtils - Instantiating CacheAwareContextLoaderDelegate from class [org.springframework.test.context.cache.DefaultCacheAwareContextLoaderDelegate]
14:43:02.303 [Test worker] DEBUG org.springframework.test.context.BootstrapUtils - Instantiating BootstrapContext using constructor [public org.springframework.test.context.support.DefaultBootstrapContext(java.lang.Class,org.springframework.test.context.CacheAwareContextLoaderDelegate)]
14:43:02.334 [Test worker] DEBUG org.springframework.test.context.BootstrapUtils - Instantiating TestContextBootstrapper for test class [com.heipl.schedulingtask.SchedulingTasksApplicationTest] from class [org.springframework.boot.test.context.SpringBootTestContextBootstrapper]
14:43:02.346 [Test worker] INFO org.springframework.boot.test.context.SpringBootTestContextBootstrapper - Neither @ContextConfiguration nor @ContextHierarchy found for test class [com.heipl.schedulingtask.SchedulingTasksApplicationTest], using SpringBootContextLoader
14:43:02.350 [Test worker] DEBUG org.springframework.test.context.support.AbstractContextLoader - Did not detect default resource location for test class [com.heipl.schedulingtask.SchedulingTasksApplicationTest]: class path resource [com/heipl/schedulingtask/SchedulingTasksApplicationTest-context.xml] does not exist
14:43:02.351 [Test worker] DEBUG org.springframework.test.context.support.AbstractContextLoader - Did not detect default resource location for test class [com.heipl.schedulingtask.SchedulingTasksApplicationTest]: class path resource [com/heipl/schedulingtask/SchedulingTasksApplicationTestContext.groovy] does not exist
14:43:02.351 [Test worker] INFO org.springframework.test.context.support.AbstractContextLoader - Could not detect default resource locations for test class [com.heipl.schedulingtask.SchedulingTasksApplicationTest]: no resource found for suffixes {-context.xml, Context.groovy}.
14:43:02.352 [Test worker] INFO org.springframework.test.context.support.AnnotationConfigContextLoaderUtils - Could not detect default configuration classes for test class [com.heipl.schedulingtask.SchedulingTasksApplicationTest]: SchedulingTasksApplicationTest does not declare any static, non-private, non-final, nested classes annotated with @Configuration.
14:43:02.390 [Test worker] DEBUG org.springframework.test.context.support.ActiveProfilesUtils - Could not find an 'annotation declaring class' for annotation type [org.springframework.test.context.ActiveProfiles] and class [com.heipl.schedulingtask.SchedulingTasksApplicationTest]
14:43:02.452 [Test worker] DEBUG org.springframework.context.annotation.ClassPathScanningCandidateComponentProvider - Identified candidate component class: file [C:\Work\Spring 101\my-scheduling-tasks\build\classes\java\main\com\heipl\schedulingtask\SchedulingTasksApplication.class]
14:43:02.453 [Test worker] INFO org.springframework.boot.test.context.SpringBootTestContextBootstrapper - Found @SpringBootConfiguration com.heipl.schedulingtask.SchedulingTasksApplication for test class com.heipl.schedulingtask.SchedulingTasksApplicationTest
14:43:02.540 [Test worker] DEBUG org.springframework.boot.test.context.SpringBootTestContextBootstrapper - @TestExecutionListeners is not present for class [com.heipl.schedulingtask.SchedulingTasksApplicationTest]: using defaults.
14:43:02.540 [Test worker] INFO org.springframework.boot.test.context.SpringBootTestContextBootstrapper - Loaded default TestExecutionListener class names from location [META-INF/spring.factories]: [org.springframework.boot.test.autoconfigure.restdocs.RestDocsTestExecutionListener, org.springframework.boot.test.autoconfigure.web.client.MockRestServiceServerResetTestExecutionListener, org.springframework.boot.test.autoconfigure.web.servlet.MockMvcPrintOnlyOnFailureTestExecutionListener, org.springframework.boot.test.autoconfigure.web.servlet.WebDriverTestExecutionListener, org.springframework.boot.test.autoconfigure.webservices.client.MockWebServiceServerTestExecutionListener, org.springframework.boot.test.mock.mockito.MockitoTestExecutionListener, org.springframework.boot.test.mock.mockito.ResetMocksTestExecutionListener, org.springframework.test.context.web.ServletTestExecutionListener, org.springframework.test.context.support.DirtiesContextBeforeModesTestExecutionListener, org.springframework.test.context.event.ApplicationEventsTestExecutionListener, org.springframework.test.context.support.DependencyInjectionTestExecutionListener, org.springframework.test.context.support.DirtiesContextTestExecutionListener, org.springframework.test.context.transaction.TransactionalTestExecutionListener, org.springframework.test.context.jdbc.SqlScriptsTestExecutionListener, org.springframework.test.context.event.EventPublishingTestExecutionListener]
14:43:02.550 [Test worker] DEBUG org.springframework.boot.test.context.SpringBootTestContextBootstrapper - Skipping candidate TestExecutionListener [org.springframework.test.context.web.ServletTestExecutionListener] due to a missing dependency. Specify custom listener classes or make the default listener classes and their required dependencies available. Offending class: [javax/servlet/ServletContext]
14:43:02.552 [Test worker] DEBUG org.springframework.boot.test.context.SpringBootTestContextBootstrapper - Skipping candidate TestExecutionListener [org.springframework.test.context.transaction.TransactionalTestExecutionListener] due to a missing dependency. Specify custom listener classes or make the default listener classes and their required dependencies available. Offending class: [org/springframework/transaction/interceptor/TransactionAttributeSource]
14:43:02.552 [Test worker] DEBUG org.springframework.boot.test.context.SpringBootTestContextBootstrapper - Skipping candidate TestExecutionListener [org.springframework.test.context.jdbc.SqlScriptsTestExecutionListener] due to a missing dependency. Specify custom listener classes or make the default listener classes and their required dependencies available. Offending class: [org/springframework/transaction/interceptor/TransactionAttribute]
14:43:02.553 [Test worker] INFO org.springframework.boot.test.context.SpringBootTestContextBootstrapper - Using TestExecutionListeners: [org.springframework.test.context.support.DirtiesContextBeforeModesTestExecutionListener@1daf15a9, org.springframework.test.context.event.ApplicationEventsTestExecutionListener@68898b6b, org.springframework.boot.test.mock.mockito.MockitoTestExecutionListener@1f4f969c, org.springframework.boot.test.autoconfigure.SpringBootDependencyInjectionTestExecutionListener@2a388e21, org.springframework.test.context.support.DirtiesContextTestExecutionListener@4fdfd492, org.springframework.test.context.event.EventPublishingTestExecutionListener@6ba9ccd1, org.springframework.boot.test.autoconfigure.restdocs.RestDocsTestExecutionListener@8b14c4e, org.springframework.boot.test.autoconfigure.web.client.MockRestServiceServerResetTestExecutionListener@661692ff, org.springframework.boot.test.autoconfigure.web.servlet.MockMvcPrintOnlyOnFailureTestExecutionListener@575ca1eb, org.springframework.boot.test.autoconfigure.web.servlet.WebDriverTestExecutionListener@72b62095, org.springframework.boot.test.autoconfigure.webservices.client.MockWebServiceServerTestExecutionListener@7067c1b1, org.springframework.boot.test.mock.mockito.ResetMocksTestExecutionListener@22342428]
14:43:02.557 [Test worker] DEBUG org.springframework.test.context.support.AbstractDirtiesContextTestExecutionListener - Before test class: context [DefaultTestContext@237d4f01 testClass = SchedulingTasksApplicationTest, testInstance = [null], testMethod = [null], testException = [null], mergedContextConfiguration = [MergedContextConfiguration@5401eec6 testClass = SchedulingTasksApplicationTest, locations = '{}', classes = '{class com.heipl.schedulingtask.SchedulingTasksApplication}', contextInitializerClasses = '[]', activeProfiles = '{}', propertySourceLocations = '{}', propertySourceProperties = '{org.springframework.boot.test.context.SpringBootTestContextBootstrapper=true}', contextCustomizers = set[org.springframework.boot.test.autoconfigure.actuate.metrics.MetricsExportContextCustomizerFactory$DisableMetricExportContextCustomizer@775de3fc, org.springframework.boot.test.autoconfigure.properties.PropertyMappingContextCustomizer@0, org.springframework.boot.test.autoconfigure.web.servlet.WebDriverContextCustomizerFactory$Customizer@56ff2911, org.springframework.boot.test.context.filter.ExcludeFilterContextCustomizer@6d0a841e, org.springframework.boot.test.json.DuplicateJsonObjectContextCustomizerFactory$DuplicateJsonObjectContextCustomizer@454766b2, org.springframework.boot.test.mock.mockito.MockitoContextCustomizer@0, org.springframework.boot.test.web.client.TestRestTemplateContextCustomizer@496b1183, org.springframework.boot.test.context.SpringBootTestArgs@1, org.springframework.boot.test.context.SpringBootTestWebEnvironment@65359ca2], contextLoader = 'org.springframework.boot.test.context.SpringBootContextLoader', parent = [null]], attributes = map[[empty]]], class annotated with @DirtiesContext [false] with mode [null].
14:43:02.573 [Test worker] DEBUG org.springframework.test.context.support.DependencyInjectionTestExecutionListener - Performing dependency injection for test context [[DefaultTestContext@237d4f01 testClass = SchedulingTasksApplicationTest, testInstance = com.heipl.schedulingtask.SchedulingTasksApplicationTest@67a5be58, testMethod = [null], testException = [null], mergedContextConfiguration = [MergedContextConfiguration@5401eec6 testClass = SchedulingTasksApplicationTest, locations = '{}', classes = '{class com.heipl.schedulingtask.SchedulingTasksApplication}', contextInitializerClasses = '[]', activeProfiles = '{}', propertySourceLocations = '{}', propertySourceProperties = '{org.springframework.boot.test.context.SpringBootTestContextBootstrapper=true}', contextCustomizers = set[org.springframework.boot.test.autoconfigure.actuate.metrics.MetricsExportContextCustomizerFactory$DisableMetricExportContextCustomizer@775de3fc, org.springframework.boot.test.autoconfigure.properties.PropertyMappingContextCustomizer@0, org.springframework.boot.test.autoconfigure.web.servlet.WebDriverContextCustomizerFactory$Customizer@56ff2911, org.springframework.boot.test.context.filter.ExcludeFilterContextCustomizer@6d0a841e, org.springframework.boot.test.json.DuplicateJsonObjectContextCustomizerFactory$DuplicateJsonObjectContextCustomizer@454766b2, org.springframework.boot.test.mock.mockito.MockitoContextCustomizer@0, org.springframework.boot.test.web.client.TestRestTemplateContextCustomizer@496b1183, org.springframework.boot.test.context.SpringBootTestArgs@1, org.springframework.boot.test.context.SpringBootTestWebEnvironment@65359ca2], contextLoader = 'org.springframework.boot.test.context.SpringBootContextLoader', parent = [null]], attributes = map['org.springframework.test.context.event.ApplicationEventsTestExecutionListener.recordApplicationEvents' -> false]]].
14:43:02.600 [Test worker] DEBUG org.springframework.test.context.support.TestPropertySourceUtils - Adding inlined properties to environment: {spring.jmx.enabled=false, org.springframework.boot.test.context.SpringBootTestContextBootstrapper=true}

  .   ____          _            __ _ _
 /\\ / ___'_ __ _ _(_)_ __  __ _ \ \ \ \
( ( )\___ | '_ | '_| | '_ \/ _` | \ \ \ \
 \\/  ___)| |_)| | | | | || (_| |  ) ) ) )
  '  |____| .__|_| |_|_| |_\__, | / / / /
 =========|_|==============|___/=/_/_/_/
 :: Spring Boot ::                (v2.4.3)

2021-03-30 14:43:02.840  INFO 25636 --- [    Test worker] c.h.s.SchedulingTasksApplicationTest     : Starting SchedulingTasksApplicationTest using Java 11 on NB-CJ-U3-4711 with PID 25636 (started by paul.heipl in C:\Work\Spring 101\my-scheduling-tasks)
2021-03-30 14:43:02.843  INFO 25636 --- [    Test worker] c.h.s.SchedulingTasksApplicationTest     : No active profile set, falling back to default profiles: default
2021-03-30 14:43:03.314  INFO 25636 --- [    Test worker] o.s.s.c.ThreadPoolTaskScheduler          : Initializing ExecutorService 'taskScheduler'
2021-03-30 14:43:03.325  INFO 25636 --- [   scheduling-1] com.heipl.schedulingtask.ScheduledTasks  : The time is now 14:43:03
2021-03-30 14:43:03.329  INFO 25636 --- [    Test worker] c.h.s.SchedulingTasksApplicationTest     : Started SchedulingTasksApplicationTest in 0.725 seconds (JVM running for 2.295)
]]></system-out>
  <system-err><![CDATA[]]></system-err>
</testsuite>
