<?xml version="1.0" encoding="UTF-8"?>
<testsuite name="com.heipl.schedulingtask.SchedulingTasksApplicationTest" tests="1" skipped="0" failures="0" errors="0" timestamp="2021-03-30T11:49:25" hostname="NB-CJ-U3-4711" time="0.048">
  <properties/>
  <testcase name="contextLoads()" classname="com.heipl.schedulingtask.SchedulingTasksApplicationTest" time="0.048"/>
  <system-out><![CDATA[2021-03-30 14:49:25.471  INFO 31120 --- [    Test worker] .b.t.c.SpringBootTestContextBootstrapper : Neither @ContextConfiguration nor @ContextHierarchy found for test class [com.heipl.schedulingtask.SchedulingTasksApplicationTest], using SpringBootContextLoader
2021-03-30 14:49:25.472  INFO 31120 --- [    Test worker] o.s.t.c.support.AbstractContextLoader    : Could not detect default resource locations for test class [com.heipl.schedulingtask.SchedulingTasksApplicationTest]: no resource found for suffixes {-context.xml, Context.groovy}.
2021-03-30 14:49:25.472  INFO 31120 --- [    Test worker] t.c.s.AnnotationConfigContextLoaderUtils : Could not detect default configuration classes for test class [com.heipl.schedulingtask.SchedulingTasksApplicationTest]: SchedulingTasksApplicationTest does not declare any static, non-private, non-final, nested classes annotated with @Configuration.
2021-03-30 14:49:25.474  INFO 31120 --- [    Test worker] .b.t.c.SpringBootTestContextBootstrapper : Found @SpringBootConfiguration com.heipl.schedulingtask.SchedulingTasksApplication for test class com.heipl.schedulingtask.SchedulingTasksApplicationTest
2021-03-30 14:49:25.478  INFO 31120 --- [    Test worker] .b.t.c.SpringBootTestContextBootstrapper : Loaded default TestExecutionListener class names from location [META-INF/spring.factories]: [org.springframework.boot.test.autoconfigure.restdocs.RestDocsTestExecutionListener, org.springframework.boot.test.autoconfigure.web.client.MockRestServiceServerResetTestExecutionListener, org.springframework.boot.test.autoconfigure.web.servlet.MockMvcPrintOnlyOnFailureTestExecutionListener, org.springframework.boot.test.autoconfigure.web.servlet.WebDriverTestExecutionListener, org.springframework.boot.test.autoconfigure.webservices.client.MockWebServiceServerTestExecutionListener, org.springframework.boot.test.mock.mockito.MockitoTestExecutionListener, org.springframework.boot.test.mock.mockito.ResetMocksTestExecutionListener, org.springframework.test.context.web.ServletTestExecutionListener, org.springframework.test.context.support.DirtiesContextBeforeModesTestExecutionListener, org.springframework.test.context.event.ApplicationEventsTestExecutionListener, org.springframework.test.context.support.DependencyInjectionTestExecutionListener, org.springframework.test.context.support.DirtiesContextTestExecutionListener, org.springframework.test.context.transaction.TransactionalTestExecutionListener, org.springframework.test.context.jdbc.SqlScriptsTestExecutionListener, org.springframework.test.context.event.EventPublishingTestExecutionListener]
2021-03-30 14:49:25.480  INFO 31120 --- [    Test worker] .b.t.c.SpringBootTestContextBootstrapper : Using TestExecutionListeners: [org.springframework.test.context.support.DirtiesContextBeforeModesTestExecutionListener@1cf4775d, org.springframework.test.context.event.ApplicationEventsTestExecutionListener@6620e7e, org.springframework.boot.test.mock.mockito.MockitoTestExecutionListener@2e645212, org.springframework.boot.test.autoconfigure.SpringBootDependencyInjectionTestExecutionListener@78771159, org.springframework.test.context.support.DirtiesContextTestExecutionListener@4706df95, org.springframework.test.context.event.EventPublishingTestExecutionListener@518128f5, org.springframework.boot.test.autoconfigure.restdocs.RestDocsTestExecutionListener@5df91415, org.springframework.boot.test.autoconfigure.web.client.MockRestServiceServerResetTestExecutionListener@1d442b2a, org.springframework.boot.test.autoconfigure.web.servlet.MockMvcPrintOnlyOnFailureTestExecutionListener@6c4fb560, org.springframework.boot.test.autoconfigure.web.servlet.WebDriverTestExecutionListener@34d1fe9c, org.springframework.boot.test.autoconfigure.webservices.client.MockWebServiceServerTestExecutionListener@219d1daf, org.springframework.boot.test.mock.mockito.ResetMocksTestExecutionListener@1d3c7fcd]

  .   ____          _            __ _ _
 /\\ / ___'_ __ _ _(_)_ __  __ _ \ \ \ \
( ( )\___ | '_ | '_| | '_ \/ _` | \ \ \ \
 \\/  ___)| |_)| | | | | || (_| |  ) ) ) )
  '  |____| .__|_| |_|_| |_\__, | / / / /
 =========|_|==============|___/=/_/_/_/
 :: Spring Boot ::                (v2.4.3)

2021-03-30 14:49:25.507  INFO 31120 --- [    Test worker] c.h.s.SchedulingTasksApplicationTest     : Starting SchedulingTasksApplicationTest using Java 11 on NB-CJ-U3-4711 with PID 31120 (started by paul.heipl in C:\Work\Spring 101\my-scheduling-tasks)
2021-03-30 14:49:25.508  INFO 31120 --- [    Test worker] c.h.s.SchedulingTasksApplicationTest     : No active profile set, falling back to default profiles: default
2021-03-30 14:49:25.635  INFO 31120 --- [    Test worker] o.s.s.c.ThreadPoolTaskScheduler          : Initializing ExecutorService 'taskScheduler'
2021-03-30 14:49:25.637  INFO 31120 --- [    Test worker] c.h.s.SchedulingTasksApplicationTest     : Started SchedulingTasksApplicationTest in 0.155 seconds (JVM running for 7.947)
2021-03-30 14:49:25.638  INFO 31120 --- [   scheduling-1] com.heipl.schedulingtask.ScheduledTasks  : The time is now 14:49:25
]]></system-out>
  <system-err><![CDATA[]]></system-err>
</testsuite>
