<?xml version="1.0" encoding="UTF-8"?>
<testsuite name="com.heipl.rest.ConsumingRestApplicationTest" tests="1" skipped="0" failures="0" errors="0" timestamp="2021-03-30T13:55:50" hostname="NB-CJ-U3-4711" time="0.525">
  <properties/>
  <testcase name="contextLoads()" classname="com.heipl.rest.ConsumingRestApplicationTest" time="0.525"/>
  <system-out><![CDATA[16:55:46.056 [Test worker] DEBUG org.springframework.test.context.BootstrapUtils - Instantiating CacheAwareContextLoaderDelegate from class [org.springframework.test.context.cache.DefaultCacheAwareContextLoaderDelegate]
16:55:46.073 [Test worker] DEBUG org.springframework.test.context.BootstrapUtils - Instantiating BootstrapContext using constructor [public org.springframework.test.context.support.DefaultBootstrapContext(java.lang.Class,org.springframework.test.context.CacheAwareContextLoaderDelegate)]
16:55:46.114 [Test worker] DEBUG org.springframework.test.context.BootstrapUtils - Instantiating TestContextBootstrapper for test class [com.heipl.rest.ConsumingRestApplicationTest] from class [org.springframework.boot.test.context.SpringBootTestContextBootstrapper]
16:55:46.132 [Test worker] INFO org.springframework.boot.test.context.SpringBootTestContextBootstrapper - Neither @ContextConfiguration nor @ContextHierarchy found for test class [com.heipl.rest.ConsumingRestApplicationTest], using SpringBootContextLoader
16:55:46.137 [Test worker] DEBUG org.springframework.test.context.support.AbstractContextLoader - Did not detect default resource location for test class [com.heipl.rest.ConsumingRestApplicationTest]: class path resource [com/heipl/rest/ConsumingRestApplicationTest-context.xml] does not exist
16:55:46.138 [Test worker] DEBUG org.springframework.test.context.support.AbstractContextLoader - Did not detect default resource location for test class [com.heipl.rest.ConsumingRestApplicationTest]: class path resource [com/heipl/rest/ConsumingRestApplicationTestContext.groovy] does not exist
16:55:46.138 [Test worker] INFO org.springframework.test.context.support.AbstractContextLoader - Could not detect default resource locations for test class [com.heipl.rest.ConsumingRestApplicationTest]: no resource found for suffixes {-context.xml, Context.groovy}.
16:55:46.139 [Test worker] INFO org.springframework.test.context.support.AnnotationConfigContextLoaderUtils - Could not detect default configuration classes for test class [com.heipl.rest.ConsumingRestApplicationTest]: ConsumingRestApplicationTest does not declare any static, non-private, non-final, nested classes annotated with @Configuration.
16:55:46.188 [Test worker] DEBUG org.springframework.test.context.support.ActiveProfilesUtils - Could not find an 'annotation declaring class' for annotation type [org.springframework.test.context.ActiveProfiles] and class [com.heipl.rest.ConsumingRestApplicationTest]
16:55:46.291 [Test worker] DEBUG org.springframework.context.annotation.ClassPathScanningCandidateComponentProvider - Identified candidate component class: file [C:\Work\Spring 101\my-consuming-rest\build\classes\java\main\com\heipl\rest\ConsumingRestApplication.class]
16:55:46.292 [Test worker] INFO org.springframework.boot.test.context.SpringBootTestContextBootstrapper - Found @SpringBootConfiguration com.heipl.rest.ConsumingRestApplication for test class com.heipl.rest.ConsumingRestApplicationTest
16:55:46.405 [Test worker] DEBUG org.springframework.boot.test.context.SpringBootTestContextBootstrapper - @TestExecutionListeners is not present for class [com.heipl.rest.ConsumingRestApplicationTest]: using defaults.
16:55:46.405 [Test worker] INFO org.springframework.boot.test.context.SpringBootTestContextBootstrapper - Loaded default TestExecutionListener class names from location [META-INF/spring.factories]: [org.springframework.boot.test.autoconfigure.restdocs.RestDocsTestExecutionListener, org.springframework.boot.test.autoconfigure.web.client.MockRestServiceServerResetTestExecutionListener, org.springframework.boot.test.autoconfigure.web.servlet.MockMvcPrintOnlyOnFailureTestExecutionListener, org.springframework.boot.test.autoconfigure.web.servlet.WebDriverTestExecutionListener, org.springframework.boot.test.autoconfigure.webservices.client.MockWebServiceServerTestExecutionListener, org.springframework.boot.test.mock.mockito.MockitoTestExecutionListener, org.springframework.boot.test.mock.mockito.ResetMocksTestExecutionListener, org.springframework.test.context.web.ServletTestExecutionListener, org.springframework.test.context.support.DirtiesContextBeforeModesTestExecutionListener, org.springframework.test.context.event.ApplicationEventsTestExecutionListener, org.springframework.test.context.support.DependencyInjectionTestExecutionListener, org.springframework.test.context.support.DirtiesContextTestExecutionListener, org.springframework.test.context.transaction.TransactionalTestExecutionListener, org.springframework.test.context.jdbc.SqlScriptsTestExecutionListener, org.springframework.test.context.event.EventPublishingTestExecutionListener]
16:55:46.419 [Test worker] DEBUG org.springframework.boot.test.context.SpringBootTestContextBootstrapper - Skipping candidate TestExecutionListener [org.springframework.test.context.transaction.TransactionalTestExecutionListener] due to a missing dependency. Specify custom listener classes or make the default listener classes and their required dependencies available. Offending class: [org/springframework/transaction/interceptor/TransactionAttributeSource]
16:55:46.420 [Test worker] DEBUG org.springframework.boot.test.context.SpringBootTestContextBootstrapper - Skipping candidate TestExecutionListener [org.springframework.test.context.jdbc.SqlScriptsTestExecutionListener] due to a missing dependency. Specify custom listener classes or make the default listener classes and their required dependencies available. Offending class: [org/springframework/transaction/interceptor/TransactionAttribute]
16:55:46.421 [Test worker] INFO org.springframework.boot.test.context.SpringBootTestContextBootstrapper - Using TestExecutionListeners: [org.springframework.test.context.web.ServletTestExecutionListener@52b01283, org.springframework.test.context.support.DirtiesContextBeforeModesTestExecutionListener@7da1611a, org.springframework.test.context.event.ApplicationEventsTestExecutionListener@40efc4d5, org.springframework.boot.test.mock.mockito.MockitoTestExecutionListener@49be9baf, org.springframework.boot.test.autoconfigure.SpringBootDependencyInjectionTestExecutionListener@1b48ac11, org.springframework.test.context.support.DirtiesContextTestExecutionListener@6d17b7d3, org.springframework.test.context.event.EventPublishingTestExecutionListener@53600fc8, org.springframework.boot.test.autoconfigure.restdocs.RestDocsTestExecutionListener@6e3e85e8, org.springframework.boot.test.autoconfigure.web.client.MockRestServiceServerResetTestExecutionListener@3048841a, org.springframework.boot.test.autoconfigure.web.servlet.MockMvcPrintOnlyOnFailureTestExecutionListener@60b104ef, org.springframework.boot.test.autoconfigure.web.servlet.WebDriverTestExecutionListener@33fc597e, org.springframework.boot.test.autoconfigure.webservices.client.MockWebServiceServerTestExecutionListener@29778b2c, org.springframework.boot.test.mock.mockito.ResetMocksTestExecutionListener@5d6ba24c]
16:55:46.427 [Test worker] DEBUG org.springframework.test.context.support.AbstractDirtiesContextTestExecutionListener - Before test class: context [DefaultTestContext@13202f76 testClass = ConsumingRestApplicationTest, testInstance = [null], testMethod = [null], testException = [null], mergedContextConfiguration = [WebMergedContextConfiguration@dfe1582 testClass = ConsumingRestApplicationTest, locations = '{}', classes = '{class com.heipl.rest.ConsumingRestApplication}', contextInitializerClasses = '[]', activeProfiles = '{}', propertySourceLocations = '{}', propertySourceProperties = '{org.springframework.boot.test.context.SpringBootTestContextBootstrapper=true}', contextCustomizers = set[org.springframework.boot.test.autoconfigure.actuate.metrics.MetricsExportContextCustomizerFactory$DisableMetricExportContextCustomizer@2ef2c866, org.springframework.boot.test.autoconfigure.properties.PropertyMappingContextCustomizer@0, org.springframework.boot.test.autoconfigure.web.servlet.WebDriverContextCustomizerFactory$Customizer@2c5de9bd, org.springframework.boot.test.context.filter.ExcludeFilterContextCustomizer@7aaa1071, org.springframework.boot.test.json.DuplicateJsonObjectContextCustomizerFactory$DuplicateJsonObjectContextCustomizer@13128dec, org.springframework.boot.test.mock.mockito.MockitoContextCustomizer@0, org.springframework.boot.test.web.client.TestRestTemplateContextCustomizer@a59e92c, org.springframework.boot.test.context.SpringBootTestArgs@1, org.springframework.boot.test.context.SpringBootTestWebEnvironment@2f490bc6], resourceBasePath = 'src/main/webapp', contextLoader = 'org.springframework.boot.test.context.SpringBootContextLoader', parent = [null]], attributes = map['org.springframework.test.context.web.ServletTestExecutionListener.activateListener' -> true]], class annotated with @DirtiesContext [false] with mode [null].
16:55:46.477 [Test worker] DEBUG org.springframework.test.context.support.TestPropertySourceUtils - Adding inlined properties to environment: {spring.jmx.enabled=false, org.springframework.boot.test.context.SpringBootTestContextBootstrapper=true}

  .   ____          _            __ _ _
 /\\ / ___'_ __ _ _(_)_ __  __ _ \ \ \ \
( ( )\___ | '_ | '_| | '_ \/ _` | \ \ \ \
 \\/  ___)| |_)| | | | | || (_| |  ) ) ) )
  '  |____| .__|_| |_|_| |_\__, | / / / /
 =========|_|==============|___/=/_/_/_/
 :: Spring Boot ::                (v2.4.3)

2021-03-30 16:55:46.789  INFO 504 --- [    Test worker] c.h.rest.ConsumingRestApplicationTest    : Starting ConsumingRestApplicationTest using Java 11 on NB-CJ-U3-4711 with PID 504 (started by paul.heipl in C:\Work\Spring 101\my-consuming-rest)
2021-03-30 16:55:46.792  INFO 504 --- [    Test worker] c.h.rest.ConsumingRestApplicationTest    : No active profile set, falling back to default profiles: default
2021-03-30 16:55:48.235  INFO 504 --- [    Test worker] o.s.s.concurrent.ThreadPoolTaskExecutor  : Initializing ExecutorService 'applicationTaskExecutor'
2021-03-30 16:55:48.605  INFO 504 --- [    Test worker] o.s.s.c.ThreadPoolTaskScheduler          : Initializing ExecutorService 'taskScheduler'
2021-03-30 16:55:48.642  INFO 504 --- [    Test worker] c.h.rest.ConsumingRestApplicationTest    : Started ConsumingRestApplicationTest in 2.157 seconds (JVM running for 4.345)
2021-03-30 16:55:50.068  INFO 504 --- [   scheduling-1] com.heipl.rest.consumer.ScheduledTask    : Quote{type='success', value=Value{id=4, quote='Previous to Spring Boot, I remember XML hell, confusing set up, and many hours of frustration.'}}
2021-03-30 16:55:50.070  INFO 504 --- [   scheduling-1] com.heipl.rest.consumer.ScheduledTask    : 
Previous to Spring Boot, I remember XML hell, confusing set up, and many hours of frustration.
2021-03-30 16:55:50.084  INFO 504 --- [    Test worker] c.heipl.rest.consumer.CommandLineRunner  : Quote{type='success', value=Value{id=3, quote='Spring has come quite a ways in addressing developer enjoyment and ease of use since the last time I built an application using it.'}}
2021-03-30 16:55:50.084  INFO 504 --- [    Test worker] c.heipl.rest.consumer.CommandLineRunner  : Spring has come quite a ways in addressing developer enjoyment and ease of use since the last time I built an application using it.
]]></system-out>
  <system-err><![CDATA[]]></system-err>
</testsuite>
